<?xml version="1.0" encoding="UTF-8"?>
<testng-results ignored="0" total="1" passed="1" failed="0" skipped="0">
  <reporter-output>
  </reporter-output>
  <suite started-at="2026-05-08T21:31:21 IST" name="Default suite" finished-at="2026-05-08T21:31:48 IST" duration-ms="27147">
    <groups>
    </groups>
    <test started-at="2026-05-08T21:31:21 IST" name="Default test" finished-at="2026-05-08T21:31:48 IST" duration-ms="27147">
      <class name="basic_codes.LoginTest">
        <test-method is-config="true" signature="openBrowser()[pri:0, instance:basic_codes.LoginTest@77c2494c]" started-at="2026-05-08T21:31:21 IST" name="openBrowser" finished-at="2026-05-08T21:31:40 IST" duration-ms="19354" status="PASS">
          <reporter-output>
          </reporter-output>
        </test-method> <!-- openBrowser -->
        <test-method signature="loginAttempt()[pri:0, instance:basic_codes.LoginTest@77c2494c]" started-at="2026-05-08T21:31:40 IST" name="loginAttempt" finished-at="2026-05-08T21:31:48 IST" duration-ms="7156" status="PASS">
          <reporter-output>
          </reporter-output>
        </test-method> <!-- loginAttempt -->
        <test-method is-config="true" signature="closeBrowser()[pri:0, instance:basic_codes.LoginTest@77c2494c]" started-at="2026-05-08T21:31:48 IST" name="closeBrowser" finished-at="2026-05-08T21:31:48 IST" duration-ms="491" status="PASS">
          <reporter-output>
          </reporter-output>
        </test-method> <!-- closeBrowser -->
      </class> <!-- basic_codes.LoginTest -->
    </test> <!-- Default test -->
  </suite> <!-- Default suite -->
</testng-results>
